#
# A fatal error has been detected by the Java Runtime Environment:
#
#  SIGBUS (0x7) at pc=0x00007f6522e2b982, pid=12810, tid=140071605298944
#
# JRE version: Java(TM) SE Runtime Environment (7.0_72-b14) (build 1.7.0_72-b14)
# Java VM: Java HotSpot(TM) 64-Bit Server VM (24.72-b04 mixed mode linux-amd64 compressed oops)
# Problematic frame:
# C  [libzip.so+0x4982]  newEntry+0x62
#
# Failed to write core dump. Core dumps have been disabled. To enable core dumping, try "ulimit -c unlimited" before starting Java again
#
# If you would like to submit a bug report, please visit:
#   http://bugreport.sun.com/bugreport/crash.jsp
# The crash happened outside the Java Virtual Machine in native code.
# See problematic frame for where to report the bug.
#

---------------  T H R E A D  ---------------

Current thread (0x00007f651c619000):  JavaThread "Server thread" [_thread_in_native, id=12854, stack(0x00007f64f636e000,0x00007f64f646f000)]

siginfo:si_signo=SIGBUS: si_errno=0, si_code=2 (BUS_ADRERR), si_addr=0x00007f64f6ca8059

Registers:
RAX=0x00007f64b80df250, RBX=0x00007f651c23c2f0, RCX=0x00007f64b8000020, RDX=0x00007f64b80df250
RSP=0x00007f64f646af70, RBP=0x00007f64f646afc0, RSI=0x00007f64b8000038, RDI=0x0000000000000000
R8 =0x0000000000000003, R9 =0x0000000000000031, R10=0x00007f65191b0c38, R11=0x00007f65251c44b0
R12=0x00007f64f6ca803c, R13=0x00007f64b80df250, R14=0x000000004fa1c527, R15=0x00007f651c26ccf0
RIP=0x00007f6522e2b982, EFLAGS=0x0000000000010206, CSGSFS=0x000000000000e033, ERR=0x0000000000000004
  TRAPNO=0x000000000000000e

Top of Stack: (sp=0x00007f64f646af70)
0x00007f64f646af70:   00000006fae00c90 00007f6500000000
0x00007f64f646af80:   00007f64f646b000 00007f65249a62ec
0x00007f64f646af90:   00007f64b80df250 00007f651c23c2f0
0x00007f64f646afa0:   00007f651c26ccf0 00007f64b814ff50
0x00007f64f646afb0:   000000004fa1c527 00007f64f646b020
0x00007f64f646afc0:   00007f64f646b000 00007f6522e2c0b0
0x00007f64f646afd0:   00000031f646b000 00007f64f646b020
0x00007f64f646afe0:   0000000000000031 00007f651c6191e8
0x00007f64f646aff0:   00007f64f646b020 00007f64f646b478
0x00007f64f646b000:   00007f64f646b460 00007f6522e2aeed
0x00007f64f646b010:   01007f6400000000 00007f651c26ccf0
0x00007f64f646b020:   656e696d2f74656e 65732f7466617263
0x00007f64f646b030:   5f31762f72657672 616c502f31525f38
0x00007f64f646b040:   63656c6553726579 73616c632e726f74
0x00007f64f646b050:   00007f64f6460073 00007f64f646b710
0x00007f64f646b060:   00007f64f646b640 00007f6500000000
0x00007f64f646b070:   0000003000000010 00007f64f646b730
0x00007f64f646b080:   00007f64f646b660 00007f6500000000
0x00007f64f646b090:   00007f6500000000 0000000000000000
0x00007f64f646b0a0:   00007f6500000000 0000000000000000
0x00007f64f646b0b0:   00007f6500000000 00007f6500000000
0x00007f64f646b0c0:   0000000000000000 00007f6500000000
0x00007f64f646b0d0:   00000000fe5220b0 00007f6500000000
0x00007f64f646b0e0:   00007f6500000000 0000000000000000
0x00007f64f646b0f0:   00007f6400000000 00007f6520dcb701
0x00007f64f646b100:   00007f64f646b180 00007f6524787b69
0x00007f64f646b110:   00007f6400000000 00007f6520dcb700
0x00007f64f646b120:   00007f6520dc94b0 00000006fb06c7e8
0x00007f64f646b130:   0000000000000000 00000006fb06c7f8
0x00007f64f646b140:   40c4373500000000 00007f651c619000
0x00007f64f646b150:   00007f6520dc9400 00000006fb06cb88
0x00007f64f646b160:   00007f64d000a808 00000007ab689498 

Instructions: (pc=0x00007f6522e2b982)
0x00007f6522e2b962:   00 48 c7 40 28 00 00 00 00 41 80 7f 30 00 0f 84
0x00007f6522e2b972:   8a 02 00 00 4c 8b 63 08 4d 2b 67 28 4d 03 67 18
0x00007f6522e2b982:   41 0f b6 5c 24 1d 41 0f b6 44 24 1c c1 e3 08 09
0x00007f6522e2b992:   c3 41 0f b6 44 24 1e 88 45 bd 41 0f b6 54 24 20 

Register to memory mapping:

RAX=0x00007f64b80df250 is an unknown value
RBX=0x00007f651c23c2f0 is an unknown value
RCX=0x00007f64b8000020 is an unknown value
RDX=0x00007f64b80df250 is an unknown value
RSP=0x00007f64f646af70 is pointing into the stack for thread: 0x00007f651c619000
RBP=0x00007f64f646afc0 is pointing into the stack for thread: 0x00007f651c619000
RSI=0x00007f64b8000038 is an unknown value
RDI=0x0000000000000000 is an unknown value
R8 =0x0000000000000003 is an unknown value
R9 =0x0000000000000031 is an unknown value
R10=0x00007f65191b0c38 is at entry_point+88 in (nmethod*)0x00007f65191b0a50
R11=0x00007f65251c44b0: <offset 0x1884b0> in /lib/x86_64-linux-gnu/libc.so.6 at 0x00007f652503c000
R12=0x00007f64f6ca803c is an unknown value
R13=0x00007f64b80df250 is an unknown value
R14=0x000000004fa1c527 is an unknown value
R15=0x00007f651c26ccf0 is an unknown value


Stack: [0x00007f64f636e000,0x00007f64f646f000],  sp=0x00007f64f646af70,  free space=1011k
Native frames: (J=compiled Java code, j=interpreted, Vv=VM code, C=native code)
C  [libzip.so+0x4982]  newEntry+0x62
C  [libzip.so+0x50b0]  ZIP_GetEntry+0xd0
C  [libzip.so+0x3eed]  Java_java_util_zip_ZipFile_getEntry+0xad
J 605  java.util.zip.ZipFile.getEntry(J[BZ)J (0 bytes) @ 0x00007f65191b0cae [0x00007f65191b0be0+0xce]

Java frames: (J=compiled Java code, j=interpreted, Vv=VM code)
J 605  java.util.zip.ZipFile.getEntry(J[BZ)J (0 bytes) @ 0x00007f65191b0c38 [0x00007f65191b0be0+0x58]
J 615 C2 java.util.jar.JarFile.getEntry(Ljava/lang/String;)Ljava/util/zip/ZipEntry; (22 bytes) @ 0x00007f65191c07a8 [0x00007f65191c06e0+0xc8]
J 407 C2 sun.misc.URLClassPath.getResource(Ljava/lang/String;Z)Lsun/misc/Resource; (74 bytes) @ 0x00007f651916ed2c [0x00007f651916ec00+0x12c]
J 601 C2 java.net.URLClassLoader$1.run()Ljava/lang/Object; (5 bytes) @ 0x00007f65191b11bc [0x00007f65191b0fe0+0x1dc]
v  ~StubRoutines::call_stub
J 600  java.security.AccessController.doPrivileged(Ljava/security/PrivilegedExceptionAction;Ljava/security/AccessControlContext;)Ljava/lang/Object; (0 bytes) @ 0x00007f65191b1c83 [0x00007f65191b1c20+0x63]
J 598 C2 java.net.URLClassLoader.findClass(Ljava/lang/String;)Ljava/lang/Class; (29 bytes) @ 0x00007f65191b9a94 [0x00007f65191b9a00+0x94]
j  java.lang.ClassLoader.loadClass(Ljava/lang/String;Z)Ljava/lang/Class;+70
j  sun.misc.Launcher$AppClassLoader.loadClass(Ljava/lang/String;Z)Ljava/lang/Class;+36
j  java.lang.ClassLoader.loadClass(Ljava/lang/String;)Ljava/lang/Class;+3
v  ~StubRoutines::call_stub
j  net.minecraft.server.v1_8_R1.CommandAbstract.b(Lnet/minecraft/server/v1_8_R1/ICommandListener;[Ljava/lang/String;IZ)Lnet/minecraft/server/v1_8_R1/IChatBaseComponent;+61
j  net.minecraft.server.v1_8_R1.CommandSay.execute(Lnet/minecraft/server/v1_8_R1/ICommandListener;[Ljava/lang/String;)V+32
j  org.bukkit.craftbukkit.v1_8_R1.command.VanillaCommandWrapper.dispatchVanillaCommand(Lnet/minecraft/server/v1_8_R1/ICommandListener;[Ljava/lang/String;)I+272
j  org.bukkit.craftbukkit.v1_8_R1.command.VanillaCommandWrapper.execute(Lorg/bukkit/command/CommandSender;Ljava/lang/String;[Ljava/lang/String;)Z+21
j  org.bukkit.command.SimpleCommandMap.dispatch(Lorg/bukkit/command/CommandSender;Ljava/lang/String;)Z+61
j  org.bukkit.craftbukkit.v1_8_R1.CraftServer.dispatchCommand(Lorg/bukkit/command/CommandSender;Ljava/lang/String;)Z+20
j  org.bukkit.craftbukkit.v1_8_R1.CraftServer.dispatchServerCommand(Lorg/bukkit/command/CommandSender;Lnet/minecraft/server/v1_8_R1/ServerCommand;)Z+44
J 4140 C2 net.minecraft.server.v1_8_R1.MinecraftServer.y()V (434 bytes) @ 0x00007f65197b92bc [0x00007f65197b8a20+0x89c]
J 2275% C2 net.minecraft.server.v1_8_R1.MinecraftServer.run()V (792 bytes) @ 0x00007f65195e2c94 [0x00007f65195e2aa0+0x1f4]
j  java.lang.Thread.run()V+11
v  ~StubRoutines::call_stub

---------------  P R O C E S S  ---------------

Java Threads: ( => current thread )
  0x00007f64b82e3800 JavaThread "Craft Scheduler Thread - 273" [_thread_blocked, id=23305, stack(0x00007f64e3366000,0x00007f64e3467000)]
  0x00007f64b8330800 JavaThread "Craft Scheduler Thread - 265" [_thread_blocked, id=22464, stack(0x00007f64e386b000,0x00007f64e396c000)]
  0x00007f64b80bd800 JavaThread "Craft Scheduler Thread - 261" [_thread_blocked, id=20942, stack(0x00007f64e2e61000,0x00007f64e2f62000)]
  0x00007f64b811e800 JavaThread "pool-17-thread-3" [_thread_blocked, id=30345, stack(0x00007f64e2a5d000,0x00007f64e2b5e000)]
  0x00007f6410057000 JavaThread "Head Conversion Thread - 2" [_thread_blocked, id=17733, stack(0x00007f64e3669000,0x00007f64e376a000)]
  0x00007f6410056000 JavaThread "Head Conversion Thread - 1" [_thread_blocked, id=17732, stack(0x00007f64e3265000,0x00007f64e3366000)]
  0x00007f641000e000 JavaThread "Head Conversion Thread - 0" [_thread_blocked, id=17731, stack(0x00007f64e3063000,0x00007f64e3164000)]
  0x00007f64baf17000 JavaThread "File IO Thread" [_thread_blocked, id=12975, stack(0x00007f64e2255000,0x00007f64e2356000)]
  0x00007f64ba121000 JavaThread "pool-24-thread-1" [_thread_blocked, id=12962, stack(0x00007f64e2356000,0x00007f64e2457000)]
  0x00007f64b8caa800 JavaThread "Chunk I/O Executor Thread-1" daemon [_thread_blocked, id=12961, stack(0x00007f64e2457000,0x00007f64e2558000)]
  0x00007f6498008800 JavaThread "Netty Server IO #3" daemon [_thread_in_native, id=12953, stack(0x00007f64e2558000,0x00007f64e2659000)]
  0x00007f64b80e0800 JavaThread "Craft Scheduler Thread - 6" [_thread_blocked, id=12934, stack(0x00007f64e3164000,0x00007f64e3265000)]
  0x00007f6498007000 JavaThread "Netty Server IO #2" daemon [_thread_in_native, id=12920, stack(0x00007f64e396c000,0x00007f64e3a6d000)]
  0x00007f6498005800 JavaThread "Netty Server IO #1" daemon [_thread_in_native, id=12917, stack(0x00007f64e3a6d000,0x00007f64e3b6e000)]
  0x00007f64ba123000 JavaThread "Thread-16" [_thread_in_native, id=12911, stack(0x00007f64f48dc000,0x00007f64f49dd000)]
  0x00007f64b8cac000 JavaThread "Thread-15" [_thread_in_native, id=12910, stack(0x00007f64e3b6e000,0x00007f64e3c6f000)]
  0x00007f64b8c8d800 JavaThread "Thread-14" [_thread_blocked, id=12909, stack(0x00007f64e3c6f000,0x00007f64e3d70000)]
  0x00007f64b8811800 JavaThread "Timer-1" [_thread_blocked, id=12899, stack(0x00007f64f437e000,0x00007f64f447f000)]
  0x00007f64bae97800 JavaThread "Ebean-BanHammer.0" daemon [_thread_blocked, id=12893, stack(0x00007f64f4ade000,0x00007f64f4bdf000)]
  0x00007f64bae5b800 JavaThread "EbeanBackgroundThread" daemon [_thread_blocked, id=12892, stack(0x00007f64f4e67000,0x00007f64f4f68000)]
  0x00007f64baded800 JavaThread "Timer-0" [_thread_blocked, id=12891, stack(0x00007f64f5069000,0x00007f64f516a000)]
  0x00007f64b840e800 JavaThread "MySQL Connection Reaper Thread - LogBlock" [_thread_blocked, id=12880, stack(0x00007f64f4f68000,0x00007f64f5069000)]
  0x00007f64b81da000 JavaThread "Netty Server IO #0" daemon [_thread_in_native, id=12873, stack(0x00007f64f516a000,0x00007f64f526b000)]
  0x00007f64b812d800 JavaThread "Spigot Metrics Thread" daemon [_thread_blocked, id=12869, stack(0x00007f64f5990000,0x00007f64f5a91000)]
  0x00007f64b812d000 JavaThread "Spigot Watchdog Thread" [_thread_blocked, id=12868, stack(0x00007f64f5a91000,0x00007f64f5b92000)]
  0x00007f64b8093000 JavaThread "Java2D Disposer" daemon [_thread_blocked, id=12863, stack(0x00007f64f606b000,0x00007f64f616c000)]
  0x00007f64b8003000 JavaThread "Thread-4" [_thread_blocked, id=12857, stack(0x00007f64f616c000,0x00007f64f626d000)]
  0x00007f64b8001800 JavaThread "Server console handler" daemon [_thread_in_native, id=12855, stack(0x00007f64f626d000,0x00007f64f636e000)]
  0x00007f651c00a000 JavaThread "DestroyJavaVM" [_thread_blocked, id=12815, stack(0x00007f6525b47000,0x00007f6525c48000)]
=>0x00007f651c619000 JavaThread "Server thread" [_thread_in_native, id=12854, stack(0x00007f64f636e000,0x00007f64f646f000)]
  0x00007f651c610800 JavaThread "Server Infinisleeper" daemon [_thread_blocked, id=12853, stack(0x00007f64f646f000,0x00007f64f6570000)]
  0x00007f651c57d800 JavaThread "Snooper Timer" daemon [_thread_blocked, id=12852, stack(0x00007f64f6570000,0x00007f64f6671000)]
  0x00007f651c22c800 JavaThread "Service Thread" daemon [_thread_blocked, id=12840, stack(0x00007f64f6eb1000,0x00007f64f6fb2000)]
  0x00007f651c22a800 JavaThread "C2 CompilerThread1" daemon [_thread_blocked, id=12839, stack(0x00007f64f6fb2000,0x00007f64f70b3000)]
  0x00007f651c227800 JavaThread "C2 CompilerThread0" daemon [_thread_blocked, id=12838, stack(0x00007f64f70b3000,0x00007f64f71b4000)]
  0x00007f651c225000 JavaThread "Signal Dispatcher" daemon [_thread_blocked, id=12837, stack(0x00007f64f71b4000,0x00007f64f72b5000)]
  0x00007f651c204000 JavaThread "Finalizer" daemon [_thread_blocked, id=12836, stack(0x00007f64f75f6000,0x00007f64f76f7000)]
  0x00007f651c202000 JavaThread "Reference Handler" daemon [_thread_blocked, id=12834, stack(0x00007f64f76f7000,0x00007f64f77f8000)]

Other Threads:
  0x00007f651c1fd800 VMThread [stack: 0x00007f64f77f8000,0x00007f64f78f9000] [id=12832]
  0x00007f651c237800 WatcherThread [stack: 0x00007f64f6db0000,0x00007f64f6eb1000] [id=12841]

VM state:not at safepoint (normal execution)

VM Mutex/Monitor currently owned by a thread: None

Heap
 PSYoungGen      total 93184K, used 14855K [0x00000007aaa80000, 0x00000007b0e80000, 0x0000000800000000)
  eden space 83456K, 16% used [0x00000007aaa80000,0x00000007ab7a1e40,0x00000007afc00000)
  from space 9728K, 14% used [0x00000007b0500000,0x00000007b0660000,0x00000007b0e80000)
  to   space 9216K, 0% used [0x00000007afc00000,0x00000007afc00000,0x00000007b0500000)
 ParOldGen       total 314880K, used 280103K [0x0000000700000000, 0x0000000713380000, 0x00000007aaa80000)
  object space 314880K, 88% used [0x0000000700000000,0x0000000711189cd0,0x0000000713380000)
 PSPermGen       total 57856K, used 57686K [0x00000006fae00000, 0x00000006fe680000, 0x0000000700000000)
  object space 57856K, 99% used [0x00000006fae00000,0x00000006fe655a50,0x00000006fe680000)

Card table byte_map: [0x00007f65225fd000,0x00007f6522e27000] byte_map_base: 0x00007f651ee26000

Polling page: 0x00007f6525c5a000

Code Cache  [0x00007f6519000000, 0x00007f6519ca0000, 0x00007f651c000000)
 total_blobs=4530 nmethods=3879 adapters=599 free_code_cache=36489Kb largest_free_block=37154752

Compilation events (10 events):
Event: 15773.752 Thread 0x00007f651c227800 4601 % !         com.sk89q.worldguard.bukkit.listener.FlagStateManager::run @ 26 (221 bytes)
Event: 15773.816 Thread 0x00007f651c227800 nmethod 4601% 0x00007f6519c49550 code [0x00007f6519c49a40, 0x00007f6519c4c5c0]
Event: 15774.752 Thread 0x00007f651c22a800 4602   !         com.sk89q.worldguard.bukkit.listener.FlagStateManager::run (221 bytes)
Event: 15774.817 Thread 0x00007f651c22a800 nmethod 4602 0x00007f65199a2ad0 code [0x00007f65199a2fa0, 0x00007f65199a57f0]
Event: 15846.674 Thread 0x00007f651c227800 4603             net.minecraft.server.v1_8_R1.ShapeDetector::a (196 bytes)
Event: 15846.721 Thread 0x00007f651c227800 nmethod 4603 0x00007f6519c8ae10 code [0x00007f6519c8b220, 0x00007f6519c8d7b8]
Event: 15857.042 Thread 0x00007f651c22a800 4604             org.json.simple.JSONObject::toJSONString (109 bytes)
Event: 15857.055 Thread 0x00007f651c22a800 nmethod 4604 0x00007f65199ed590 code [0x00007f65199ed7a0, 0x00007f65199ee8e0]
Event: 16008.024 Thread 0x00007f651c227800 4605             de.diddiz.util.BukkitUtils::getBlocksNearby (80 bytes)
Event: 16008.033 Thread 0x00007f651c227800 nmethod 4605 0x00007f65197f2a90 code [0x00007f65197f2ca0, 0x00007f65197f3460]

GC Heap History (10 events):
Event: 16482.991 GC heap before
{Heap before GC invocations=2752 (full 48):
 PSYoungGen      total 90624K, used 79968K [0x00000007aaa80000, 0x00000007b0e80000, 0x0000000800000000)
  eden space 78848K, 100% used [0x00000007aaa80000,0x00000007af780000,0x00000007af780000)
  from space 11776K, 9% used [0x00000007af780000,0x00000007af898000,0x00000007b0300000)
  to   space 11264K, 0% used [0x00000007b0380000,0x00000007b0380000,0x00000007b0e80000)
 ParOldGen       total 314880K, used 279863K [0x0000000700000000, 0x0000000713380000, 0x00000007aaa80000)
  object space 314880K, 88% used [0x0000000700000000,0x000000071114dcd0,0x0000000713380000)
 PSPermGen       total 57856K, used 57679K [0x00000006fae00000, 0x00000006fe680000, 0x0000000700000000)
  object space 57856K, 99% used [0x00000006fae00000,0x00000006fe653d40,0x00000006fe680000)
Event: 16482.993 GC heap after
Heap after GC invocations=2752 (full 48):
 PSYoungGen      total 91648K, used 1088K [0x00000007aaa80000, 0x00000007b0e80000, 0x0000000800000000)
  eden space 80384K, 0% used [0x00000007aaa80000,0x00000007aaa80000,0x00000007af900000)
  from space 11264K, 9% used [0x00000007b0380000,0x00000007b0490000,0x00000007b0e80000)
  to   space 10752K, 0% used [0x00000007af900000,0x00000007af900000,0x00000007b0380000)
 ParOldGen       total 314880K, used 279919K [0x0000000700000000, 0x0000000713380000, 0x00000007aaa80000)
  object space 314880K, 88% used [0x0000000700000000,0x000000071115bcd0,0x0000000713380000)
 PSPermGen       total 57856K, used 57679K [0x00000006fae00000, 0x00000006fe680000, 0x0000000700000000)
  object space 57856K, 99% used [0x00000006fae00000,0x00000006fe653d40,0x00000006fe680000)
}
Event: 16490.041 GC heap before
{Heap before GC invocations=2753 (full 48):
 PSYoungGen      total 91648K, used 81472K [0x00000007aaa80000, 0x00000007b0e80000, 0x0000000800000000)
  eden space 80384K, 100% used [0x00000007aaa80000,0x00000007af900000,0x00000007af900000)
  from space 11264K, 9% used [0x00000007b0380000,0x00000007b0490000,0x00000007b0e80000)
  to   space 10752K, 0% used [0x00000007af900000,0x00000007af900000,0x00000007b0380000)
 ParOldGen       total 314880K, used 279919K [0x0000000700000000, 0x0000000713380000, 0x00000007aaa80000)
  object space 314880K, 88% used [0x0000000700000000,0x000000071115bcd0,0x0000000713380000)
 PSPermGen       total 57856K, used 57686K [0x00000006fae00000, 0x00000006fe680000, 0x0000000700000000)
  object space 57856K, 99% used [0x00000006fae00000,0x00000006fe655a50,0x00000006fe680000)
Event: 16490.044 GC heap after
Heap after GC invocations=2753 (full 48):
 PSYoungGen      total 91136K, used 1312K [0x00000007aaa80000, 0x00000007b0e80000, 0x0000000800000000)
  eden space 80384K, 0% used [0x00000007aaa80000,0x00000007aaa80000,0x00000007af900000)
  from space 10752K, 12% used [0x00000007af900000,0x00000007afa48000,0x00000007b0380000)
  to   space 10240K, 0% used [0x00000007b0480000,0x00000007b0480000,0x00000007b0e80000)
 ParOldGen       total 314880K, used 280023K [0x0000000700000000, 0x0000000713380000, 0x00000007aaa80000)
  object space 314880K, 88% used [0x0000000700000000,0x0000000711175cd0,0x0000000713380000)
 PSPermGen       total 57856K, used 57686K [0x00000006fae00000, 0x00000006fe680000, 0x0000000700000000)
  object space 57856K, 99% used [0x00000006fae00000,0x00000006fe655a50,0x00000006fe680000)
}
Event: 16497.493 GC heap before
{Heap before GC invocations=2754 (full 48):
 PSYoungGen      total 91136K, used 81696K [0x00000007aaa80000, 0x00000007b0e80000, 0x0000000800000000)
  eden space 80384K, 100% used [0x00000007aaa80000,0x00000007af900000,0x00000007af900000)
  from space 10752K, 12% used [0x00000007af900000,0x00000007afa48000,0x00000007b0380000)
  to   space 10240K, 0% used [0x00000007b0480000,0x00000007b0480000,0x00000007b0e80000)
 ParOldGen       total 314880K, used 280023K [0x0000000700000000, 0x0000000713380000, 0x00000007aaa80000)
  object space 314880K, 88% used [0x0000000700000000,0x0000000711175cd0,0x0000000713380000)
 PSPermGen       total 57856K, used 57686K [0x00000006fae00000, 0x00000006fe680000, 0x0000000700000000)
  object space 57856K, 99% used [0x00000006fae00000,0x00000006fe655a50,0x00000006fe680000)
Event: 16497.496 GC heap after
Heap after GC invocations=2754 (full 48):
 PSYoungGen      total 92160K, used 1472K [0x00000007aaa80000, 0x00000007b0e80000, 0x0000000800000000)
  eden space 81920K, 0% used [0x00000007aaa80000,0x00000007aaa80000,0x00000007afa80000)
  from space 10240K, 14% used [0x00000007b0480000,0x00000007b05f0000,0x00000007b0e80000)
  to   space 10240K, 0% used [0x00000007afa80000,0x00000007afa80000,0x00000007b0480000)
 ParOldGen       total 314880K, used 280023K [0x0000000700000000, 0x0000000713380000, 0x00000007aaa80000)
  object space 314880K, 88% used [0x0000000700000000,0x0000000711175cd0,0x0000000713380000)
 PSPermGen       total 57856K, used 57686K [0x00000006fae00000, 0x00000006fe680000, 0x0000000700000000)
  object space 57856K, 99% used [0x00000006fae00000,0x00000006fe655a50,0x00000006fe680000)
}
Event: 16505.233 GC heap before
{Heap before GC invocations=2755 (full 48):
 PSYoungGen      total 92160K, used 83392K [0x00000007aaa80000, 0x00000007b0e80000, 0x0000000800000000)
  eden space 81920K, 100% used [0x00000007aaa80000,0x00000007afa80000,0x00000007afa80000)
  from space 10240K, 14% used [0x00000007b0480000,0x00000007b05f0000,0x00000007b0e80000)
  to   space 10240K, 0% used [0x00000007afa80000,0x00000007afa80000,0x00000007b0480000)
 ParOldGen       total 314880K, used 280023K [0x0000000700000000, 0x0000000713380000, 0x00000007aaa80000)
  object space 314880K, 88% used [0x0000000700000000,0x0000000711175cd0,0x0000000713380000)
 PSPermGen       total 57856K, used 57686K [0x00000006fae00000, 0x00000006fe680000, 0x0000000700000000)
  object space 57856K, 99% used [0x00000006fae00000,0x00000006fe655a50,0x00000006fe680000)
Event: 16505.236 GC heap after
Heap after GC invocations=2755 (full 48):
 PSYoungGen      total 92160K, used 1376K [0x00000007aaa80000, 0x00000007b0e80000, 0x0000000800000000)
  eden space 81920K, 0% used [0x00000007aaa80000,0x00000007aaa80000,0x00000007afa80000)
  from space 10240K, 13% used [0x00000007afa80000,0x00000007afbd8000,0x00000007b0480000)
  to   space 9728K, 0% used [0x00000007b0500000,0x00000007b0500000,0x00000007b0e80000)
 ParOldGen       total 314880K, used 280055K [0x0000000700000000, 0x0000000713380000, 0x00000007aaa80000)
  object space 314880K, 88% used [0x0000000700000000,0x000000071117dcd0,0x0000000713380000)
 PSPermGen       total 57856K, used 57686K [0x00000006fae00000, 0x00000006fe680000, 0x0000000700000000)
  object space 57856K, 99% used [0x00000006fae00000,0x00000006fe655a50,0x00000006fe680000)
}
Event: 16513.195 GC heap before
{Heap before GC invocations=2756 (full 48):
 PSYoungGen      total 92160K, used 83296K [0x00000007aaa80000, 0x00000007b0e80000, 0x0000000800000000)
  eden space 81920K, 100% used [0x00000007aaa80000,0x00000007afa80000,0x00000007afa80000)
  from space 10240K, 13% used [0x00000007afa80000,0x00000007afbd8000,0x00000007b0480000)
  to   space 9728K, 0% used [0x00000007b0500000,0x00000007b0500000,0x00000007b0e80000)
 ParOldGen       total 314880K, used 280055K [0x0000000700000000, 0x0000000713380000, 0x00000007aaa80000)
  object space 314880K, 88% used [0x0000000700000000,0x000000071117dcd0,0x0000000713380000)
 PSPermGen       total 57856K, used 57686K [0x00000006fae00000, 0x00000006fe680000, 0x0000000700000000)
  object space 57856K, 99% used [0x00000006fae00000,0x00000006fe655a50,0x00000006fe680000)
Event: 16513.198 GC heap after
Heap after GC invocations=2756 (full 48):
 PSYoungGen      total 93184K, used 1408K [0x00000007aaa80000, 0x00000007b0e80000, 0x0000000800000000)
  eden space 83456K, 0% used [0x00000007aaa80000,0x00000007aaa80000,0x00000007afc00000)
  from space 9728K, 14% used [0x00000007b0500000,0x00000007b0660000,0x00000007b0e80000)
  to   space 9216K, 0% used [0x00000007afc00000,0x00000007afc00000,0x00000007b0500000)
 ParOldGen       total 314880K, used 280103K [0x0000000700000000, 0x0000000713380000, 0x00000007aaa80000)
  object space 314880K, 88% used [0x0000000700000000,0x0000000711189cd0,0x0000000713380000)
 PSPermGen       total 57856K, used 57686K [0x00000006fae00000, 0x00000006fe680000, 0x0000000700000000)
  object space 57856K, 99% used [0x00000006fae00000,0x00000006fe655a50,0x00000006fe680000)
}

Deoptimization events (10 events):
Event: 15328.223 Thread 0x00007f651c619000 Uncommon trap: reason=bimorphic action=maybe_recompile pc=0x00007f6519640060 method=net.minecraft.server.v1_8_R1.BlockCobbleWall.e(Lnet/minecraft/server/v1_8_R1/IBlockAccess;Lnet/minecraft/server/v1_8_R1/BlockPosition;)Z @ 47
Event: 15332.024 Thread 0x00007f651c619000 Uncommon trap: reason=predicate action=maybe_recompile pc=0x00007f6519773df0 method=net.minecraft.server.v1_8_R1.WorldServer.p()V @ 103
Event: 15335.536 Thread 0x00007f651c619000 Uncommon trap: reason=unreached action=reinterpret pc=0x00007f6519bb0ee0 method=net.minecraft.server.v1_8_R1.Entity.move(DDD)V @ 1630
Event: 15335.736 Thread 0x00007f651c619000 Uncommon trap: reason=unreached action=reinterpret pc=0x00007f65197c2fc0 method=net.minecraft.server.v1_8_R1.EntityPlayer.a(DZ)V @ 105
Event: 15368.902 Thread 0x00007f651c619000 Uncommon trap: reason=class_check action=maybe_recompile pc=0x00007f6519c31550 method=org.wargamer2010.signshop.listeners.SignShopBlockListener.getAttachables(Lorg/bukkit/block/Block;)Ljava/util/List; @ 133
Event: 15376.707 Thread 0x00007f64b80bd800 Uncommon trap: reason=bimorphic action=maybe_recompile pc=0x00007f6519460238 method=org.bukkit.configuration.MemorySection.getConfigurationSection(Ljava/lang/String;)Lorg/bukkit/configuration/ConfigurationSection; @ 34
Event: 15489.919 Thread 0x00007f651c619000 Uncommon trap: reason=bimorphic action=maybe_recompile pc=0x00007f651939bf90 method=java.util.TimSort.mergeLo(IIII)V @ 185
Event: 15687.741 Thread 0x00007f651c619000 Uncommon trap: reason=null_check action=make_not_entrant pc=0x00007f6519a33358 method=com.sk89q.worldguard.bukkit.listener.FlagStateManager.processFeed(Lcom/sk89q/worldguard/protection/ApplicableRegionSet;Lorg/bukkit/entity/Player;Lcom/sk89q/worldguard/bu
Event: 15792.305 Thread 0x00007f651c619000 Uncommon trap: reason=bimorphic action=maybe_recompile pc=0x00007f651939bf90 method=java.util.TimSort.mergeLo(IIII)V @ 185
Event: 15815.755 Thread 0x00007f651c619000 Uncommon trap: reason=bimorphic action=maybe_recompile pc=0x00007f651939bf90 method=java.util.TimSort.mergeLo(IIII)V @ 185

Internal exceptions (10 events):
Event: 16505.607 Thread 0x00007f64b8cac000 Threw 0x00000007aaf4bae8 at /HUDSON/workspace/7u-2-build-linux-amd64/jdk7u72/1606/hotspot/src/share/vm/prims/jni.cpp:743
Event: 16506.609 Thread 0x00007f64b8cac000 Threw 0x00000007aaf4bd98 at /HUDSON/workspace/7u-2-build-linux-amd64/jdk7u72/1606/hotspot/src/share/vm/prims/jni.cpp:743
Event: 16507.610 Thread 0x00007f64b8cac000 Threw 0x00000007aaf4c048 at /HUDSON/workspace/7u-2-build-linux-amd64/jdk7u72/1606/hotspot/src/share/vm/prims/jni.cpp:743
Event: 16508.611 Thread 0x00007f64b8cac000 Threw 0x00000007ac283b80 at /HUDSON/workspace/7u-2-build-linux-amd64/jdk7u72/1606/hotspot/src/share/vm/prims/jni.cpp:743
Event: 16509.612 Thread 0x00007f64b8cac000 Threw 0x00000007ac283e30 at /HUDSON/workspace/7u-2-build-linux-amd64/jdk7u72/1606/hotspot/src/share/vm/prims/jni.cpp:743
Event: 16510.613 Thread 0x00007f64b8cac000 Threw 0x00000007ac2840e0 at /HUDSON/workspace/7u-2-build-linux-amd64/jdk7u72/1606/hotspot/src/share/vm/prims/jni.cpp:743
Event: 16511.614 Thread 0x00007f64b8cac000 Threw 0x00000007ae0fe5b0 at /HUDSON/workspace/7u-2-build-linux-amd64/jdk7u72/1606/hotspot/src/share/vm/prims/jni.cpp:743
Event: 16512.615 Thread 0x00007f64b8cac000 Threw 0x00000007ae0fe860 at /HUDSON/workspace/7u-2-build-linux-amd64/jdk7u72/1606/hotspot/src/share/vm/prims/jni.cpp:743
Event: 16513.616 Thread 0x00007f64b8cac000 Threw 0x00000007aaf69768 at /HUDSON/workspace/7u-2-build-linux-amd64/jdk7u72/1606/hotspot/src/share/vm/prims/jni.cpp:743
Event: 16514.395 Thread 0x00007f651c619000 Threw 0x00000007ab689470 at /HUDSON/workspace/7u-2-build-linux-amd64/jdk7u72/1606/hotspot/src/share/vm/prims/jvm.cpp:1281

Events (10 events):
Event: 16490.041 Executing VM operation: ParallelGCFailedAllocation
Event: 16490.044 Executing VM operation: ParallelGCFailedAllocation done
Event: 16497.493 Executing VM operation: ParallelGCFailedAllocation
Event: 16497.496 Executing VM operation: ParallelGCFailedAllocation done
Event: 16505.233 Executing VM operation: ParallelGCFailedAllocation
Event: 16505.236 Executing VM operation: ParallelGCFailedAllocation done
Event: 16513.195 Executing VM operation: ParallelGCFailedAllocation
Event: 16513.198 Executing VM operation: ParallelGCFailedAllocation done
Event: 16514.395 loading class 0x00007f651c580550
Event: 16514.395 loading class 0x00007f651c580550 done


Dynamic libraries:
00400000-00401000 r-xp 00000000 00:11 93069                              /usr/lib/jvm/java-7-oracle/jre/bin/java
00600000-00601000 rw-p 00000000 00:11 93069                              /usr/lib/jvm/java-7-oracle/jre/bin/java
012a5000-012c6000 rw-p 00000000 00:00 0                                  [heap]
6fae00000-6fe680000 rw-p 00000000 00:00 0 
6fe680000-700000000 ---p 00000000 00:00 0 
700000000-713380000 rw-p 00000000 00:00 0 
713380000-719d00000 ---p 00000000 00:00 0 
719d00000-7aaa80000 rw-p 00000000 00:00 0 
7aaa80000-7b0e80000 rw-p 00000000 00:00 0 
7b0e80000-800000000 ---p 00000000 00:00 0 
7f63fc000000-7f63fc04d000 rw-p 00000000 00:00 0 
7f63fc04d000-7f6400000000 ---p 00000000 00:00 0 
7f6404000000-7f64063ad000 rw-p 00000000 00:00 0 
7f64063ad000-7f6408000000 ---p 00000000 00:00 0 
7f6408000000-7f6408021000 rw-p 00000000 00:00 0 
7f6408021000-7f640c000000 ---p 00000000 00:00 0 
7f640c000000-7f640c04b000 rw-p 00000000 00:00 0 
7f640c04b000-7f6410000000 ---p 00000000 00:00 0 
7f6410000000-7f6410292000 rw-p 00000000 00:00 0 
7f6410292000-7f6414000000 ---p 00000000 00:00 0 
7f6414000000-7f6414021000 rw-p 00000000 00:00 0 
7f6414021000-7f6418000000 ---p 00000000 00:00 0 
7f6418000000-7f6418047000 rw-p 00000000 00:00 0 
7f6418047000-7f641c000000 ---p 00000000 00:00 0 
7f641c000000-7f641c045000 rw-p 00000000 00:00 0 
7f641c045000-7f6420000000 ---p 00000000 00:00 0 
7f6420000000-7f6420053000 rw-p 00000000 00:00 0 
7f6420053000-7f6424000000 ---p 00000000 00:00 0 
7f6424000000-7f6424021000 rw-p 00000000 00:00 0 
7f6424021000-7f6428000000 ---p 00000000 00:00 0 
7f6428000000-7f6428046000 rw-p 00000000 00:00 0 
7f6428046000-7f642c000000 ---p 00000000 00:00 0 
7f642c000000-7f642c04a000 rw-p 00000000 00:00 0 
7f642c04a000-7f6430000000 ---p 00000000 00:00 0 
7f6430000000-7f6430045000 rw-p 00000000 00:00 0 
7f6430045000-7f6434000000 ---p 00000000 00:00 0 
7f6434000000-7f6434021000 rw-p 00000000 00:00 0 
7f6434021000-7f6438000000 ---p 00000000 00:00 0 
7f6438000000-7f643804a000 rw-p 00000000 00:00 0 
7f643804a000-7f643c000000 ---p 00000000 00:00 0 
7f643c000000-7f643c044000 rw-p 00000000 00:00 0 
7f643c044000-7f6440000000 ---p 00000000 00:00 0 
7f6440000000-7f6440021000 rw-p 00000000 00:00 0 
7f6440021000-7f6444000000 ---p 00000000 00:00 0 
7f6444000000-7f6444061000 rw-p 00000000 00:00 0 
7f6444061000-7f6448000000 ---p 00000000 00:00 0 
7f6448000000-7f644807e000 rw-p 00000000 00:00 0 
7f644807e000-7f644c000000 ---p 00000000 00:00 0 
7f644c000000-7f644c043000 rw-p 00000000 00:00 0 
7f644c043000-7f6450000000 ---p 00000000 00:00 0 
7f6450000000-7f645004c000 rw-p 00000000 00:00 0 
7f645004c000-7f6454000000 ---p 00000000 00:00 0 
7f6454000000-7f6454044000 rw-p 00000000 00:00 0 
7f6454044000-7f6458000000 ---p 00000000 00:00 0 
7f6458000000-7f64580b8000 rw-p 00000000 00:00 0 
7f64580b8000-7f645c000000 ---p 00000000 00:00 0 
7f645c000000-7f645c177000 rw-p 00000000 00:00 0 
7f645c177000-7f6460000000 ---p 00000000 00:00 0 
7f6460000000-7f64603d5000 rw-p 00000000 00:00 0 
7f64603d5000-7f6464000000 ---p 00000000 00:00 0 
7f6464000000-7f6464021000 rw-p 00000000 00:00 0 
7f6464021000-7f6468000000 ---p 00000000 00:00 0 
7f6468000000-7f6468021000 rw-p 00000000 00:00 0 
7f6468021000-7f646c000000 ---p 00000000 00:00 0 
7f646c000000-7f646c021000 rw-p 00000000 00:00 0 
7f646c021000-7f6470000000 ---p 00000000 00:00 0 
7f6470000000-7f6470021000 rw-p 00000000 00:00 0 
7f6470021000-7f6474000000 ---p 00000000 00:00 0 
7f6474000000-7f6474021000 rw-p 00000000 00:00 0 
7f6474021000-7f6478000000 ---p 00000000 00:00 0 
7f6478000000-7f6478021000 rw-p 00000000 00:00 0 
7f6478021000-7f647c000000 ---p 00000000 00:00 0 
7f647c000000-7f647c021000 rw-p 00000000 00:00 0 
7f647c021000-7f6480000000 ---p 00000000 00:00 0 
7f6480000000-7f648012d000 rw-p 00000000 00:00 0 
7f648012d000-7f6484000000 ---p 00000000 00:00 0 
7f6484000000-7f6484021000 rw-p 00000000 00:00 0 
7f6484021000-7f6488000000 ---p 00000000 00:00 0 
7f6488000000-7f6488021000 rw-p 00000000 00:00 0 
7f6488021000-7f648c000000 ---p 00000000 00:00 0 
7f648c000000-7f648c021000 rw-p 00000000 00:00 0 
7f648c021000-7f6490000000 ---p 00000000 00:00 0 
7f6490000000-7f6490021000 rw-p 00000000 00:00 0 
7f6490021000-7f6494000000 ---p 00000000 00:00 0 
7f6494000000-7f6494044000 rw-p 00000000 00:00 0 
7f6494044000-7f6498000000 ---p 00000000 00:00 0 
7f6498000000-7f64982f6000 rw-p 00000000 00:00 0 
7f64982f6000-7f649c000000 ---p 00000000 00:00 0 
7f649c000000-7f649c021000 rw-p 00000000 00:00 0 
7f649c021000-7f64a0000000 ---p 00000000 00:00 0 
7f64a0000000-7f64a0021000 rw-p 00000000 00:00 0 
7f64a0021000-7f64a4000000 ---p 00000000 00:00 0 
7f64a4000000-7f64a4043000 rw-p 00000000 00:00 0 
7f64a4043000-7f64a8000000 ---p 00000000 00:00 0 
7f64a8000000-7f64a8021000 rw-p 00000000 00:00 0 
7f64a8021000-7f64ac000000 ---p 00000000 00:00 0 
7f64ac000000-7f64ac021000 rw-p 00000000 00:00 0 
7f64ac021000-7f64b0000000 ---p 00000000 00:00 0 
7f64b0000000-7f64b0021000 rw-p 00000000 00:00 0 
7f64b0021000-7f64b4000000 ---p 00000000 00:00 0 
7f64b4000000-7f64b4021000 rw-p 00000000 00:00 0 
7f64b4021000-7f64b8000000 ---p 00000000 00:00 0 
7f64b8000000-7f64bb025000 rw-p 00000000 00:00 0 
7f64bb025000-7f64bc000000 ---p 00000000 00:00 0 
7f64bc000000-7f64bc021000 rw-p 00000000 00:00 0 
7f64bc021000-7f64c0000000 ---p 00000000 00:00 0 
7f64c0000000-7f64c0021000 rw-p 00000000 00:00 0 
7f64c0021000-7f64c4000000 ---p 00000000 00:00 0 
7f64c4000000-7f64c5ee2000 rw-p 00000000 00:00 0 
7f64c5ee2000-7f64c8000000 ---p 00000000 00:00 0 
7f64c8000000-7f64c8021000 rw-p 00000000 00:00 0 
7f64c8021000-7f64cc000000 ---p 00000000 00:00 0 
7f64cc000000-7f64cc021000 rw-p 00000000 00:00 0 
7f64cc021000-7f64d0000000 ---p 00000000 00:00 0 
7f64d0000000-7f64d1c0b000 rw-p 00000000 00:00 0 
7f64d1c0b000-7f64d4000000 ---p 00000000 00:00 0 
7f64d4000000-7f64d4021000 rw-p 00000000 00:00 0 
7f64d4021000-7f64d8000000 ---p 00000000 00:00 0 
7f64d8000000-7f64d8021000 rw-p 00000000 00:00 0 
7f64d8021000-7f64dc000000 ---p 00000000 00:00 0 
7f64dc000000-7f64dc0fa000 rw-p 00000000 00:00 0 
7f64dc0fa000-7f64e0000000 ---p 00000000 00:00 0 
7f64e2255000-7f64e2258000 ---p 00000000 00:00 0 
7f64e2258000-7f64e2356000 rw-p 00000000 00:00 0                          [stack:12975]
7f64e2356000-7f64e2359000 ---p 00000000 00:00 0 
7f64e2359000-7f64e2457000 rw-p 00000000 00:00 0                          [stack:12962]
7f64e2457000-7f64e245a000 ---p 00000000 00:00 0 
7f64e245a000-7f64e2558000 rw-p 00000000 00:00 0                          [stack:12961]
7f64e2558000-7f64e255b000 ---p 00000000 00:00 0 
7f64e255b000-7f64e2659000 rw-p 00000000 00:00 0                          [stack:12953]
7f64e2659000-7f64e265c000 ---p 00000000 00:00 0 
7f64e265c000-7f64e275a000 rw-p 00000000 00:00 0 
7f64e275a000-7f64e275d000 ---p 00000000 00:00 0 
7f64e275d000-7f64e285b000 rw-p 00000000 00:00 0 
7f64e285b000-7f64e285e000 ---p 00000000 00:00 0 
7f64e285e000-7f64e295c000 rw-p 00000000 00:00 0 
7f64e295c000-7f64e295f000 ---p 00000000 00:00 0 
7f64e295f000-7f64e2a5d000 rw-p 00000000 00:00 0 
7f64e2a5d000-7f64e2a60000 ---p 00000000 00:00 0 
7f64e2a60000-7f64e2b5e000 rw-p 00000000 00:00 0                          [stack:30345]
7f64e2b5e000-7f64e2b61000 ---p 00000000 00:00 0 
7f64e2b61000-7f64e2c5f000 rw-p 00000000 00:00 0 
7f64e2c5f000-7f64e2c62000 ---p 00000000 00:00 0 
7f64e2c62000-7f64e2d60000 rw-p 00000000 00:00 0 
7f64e2d60000-7f64e2d63000 ---p 00000000 00:00 0 
7f64e2d63000-7f64e2e61000 rw-p 00000000 00:00 0 
7f64e2e61000-7f64e2e64000 ---p 00000000 00:00 0 
7f64e2e64000-7f64e2f62000 rw-p 00000000 00:00 0                          [stack:20942]
7f64e2f62000-7f64e2f65000 ---p 00000000 00:00 0 
7f64e2f65000-7f64e3063000 rw-p 00000000 00:00 0 
7f64e3063000-7f64e3066000 ---p 00000000 00:00 0 
7f64e3066000-7f64e3164000 rw-p 00000000 00:00 0                          [stack:17731]
7f64e3164000-7f64e3167000 ---p 00000000 00:00 0 
7f64e3167000-7f64e3265000 rw-p 00000000 00:00 0                          [stack:12934]
7f64e3265000-7f64e3268000 ---p 00000000 00:00 0 
7f64e3268000-7f64e3366000 rw-p 00000000 00:00 0                          [stack:17732]
7f64e3366000-7f64e3369000 ---p 00000000 00:00 0 
7f64e3369000-7f64e3467000 rw-p 00000000 00:00 0                          [stack:23305]
7f64e3467000-7f64e346a000 ---p 00000000 00:00 0 
7f64e346a000-7f64e3568000 rw-p 00000000 00:00 0 
7f64e3568000-7f64e356b000 ---p 00000000 00:00 0 
7f64e356b000-7f64e3669000 rw-p 00000000 00:00 0 
7f64e3669000-7f64e366c000 ---p 00000000 00:00 0 
7f64e366c000-7f64e376a000 rw-p 00000000 00:00 0                          [stack:17733]
7f64e376a000-7f64e376d000 ---p 00000000 00:00 0 
7f64e376d000-7f64e386b000 rw-p 00000000 00:00 0 
7f64e386b000-7f64e386e000 ---p 00000000 00:00 0 
7f64e386e000-7f64e396c000 rw-p 00000000 00:00 0                          [stack:22464]
7f64e396c000-7f64e396f000 ---p 00000000 00:00 0 
7f64e396f000-7f64e3a6d000 rw-p 00000000 00:00 0                          [stack:12920]
7f64e3a6d000-7f64e3a70000 ---p 00000000 00:00 0 
7f64e3a70000-7f64e3b6e000 rw-p 00000000 00:00 0                          [stack:12917]
7f64e3b6e000-7f64e3b71000 ---p 00000000 00:00 0 
7f64e3b71000-7f64e3c6f000 rw-p 00000000 00:00 0                          [stack:12910]
7f64e3c6f000-7f64e3c72000 ---p 00000000 00:00 0 
7f64e3c72000-7f64ec000000 rw-p 00000000 00:00 0                          [stack:12909]
7f64ec000000-7f64ec04e000 rw-p 00000000 00:00 0 
7f64ec04e000-7f64f0000000 ---p 00000000 00:00 0 
7f64f0000000-7f64f0041000 rw-p 00000000 00:00 0 
7f64f0041000-7f64f4000000 ---p 00000000 00:00 0 
7f64f407b000-7f64f407e000 ---p 00000000 00:00 0 
7f64f407e000-7f64f417c000 rw-p 00000000 00:00 0 
7f64f417c000-7f64f417f000 ---p 00000000 00:00 0 
7f64f417f000-7f64f427d000 rw-p 00000000 00:00 0 
7f64f427d000-7f64f4280000 ---p 00000000 00:00 0 
7f64f4280000-7f64f437e000 rw-p 00000000 00:00 0 
7f64f437e000-7f64f4381000 ---p 00000000 00:00 0 
7f64f4381000-7f64f447f000 rw-p 00000000 00:00 0                          [stack:12899]
7f64f447f000-7f64f4495000 r-xp 00000000 00:11 2719                       /lib/x86_64-linux-gnu/libgcc_s.so.1
7f64f4495000-7f64f4694000 ---p 00016000 00:11 2719                       /lib/x86_64-linux-gnu/libgcc_s.so.1
7f64f4694000-7f64f4695000 rw-p 00015000 00:11 2719                       /lib/x86_64-linux-gnu/libgcc_s.so.1
7f64f4695000-7f64f46c7000 r-xp 00000000 00:11 92800                      /usr/lib/jvm/java-7-oracle/jre/lib/amd64/libsunec.so
7f64f46c7000-7f64f48c6000 ---p 00032000 00:11 92800                      /usr/lib/jvm/java-7-oracle/jre/lib/amd64/libsunec.so
7f64f48c6000-7f64f48cc000 rw-p 00031000 00:11 92800                      /usr/lib/jvm/java-7-oracle/jre/lib/amd64/libsunec.so
7f64f48cc000-7f64f48dc000 rw-p 00000000 00:00 0 
7f64f48dc000-7f64f48df000 ---p 00000000 00:00 0 
7f64f48df000-7f64f49dd000 rw-p 00000000 00:00 0                          [stack:12911]
7f64f49dd000-7f64f49e0000 ---p 00000000 00:00 0 
7f64f49e0000-7f64f4ade000 rw-p 00000000 00:00 0 
7f64f4ade000-7f64f4ae1000 ---p 00000000 00:00 0 
7f64f4ae1000-7f64f4bdf000 rw-p 00000000 00:00 0                          [stack:12893]
7f64f4bdf000-7f64f4c63000 r-xp 00000000 00:11 2916434                    /tmp/sqlite-3.7.2-libsqlitejdbc.so
7f64f4c63000-7f64f4e63000 ---p 00084000 00:11 2916434                    /tmp/sqlite-3.7.2-libsqlitejdbc.so
7f64f4e63000-7f64f4e64000 r--p 00084000 00:11 2916434                    /tmp/sqlite-3.7.2-libsqlitejdbc.so
7f64f4e64000-7f64f4e67000 rw-p 00085000 00:11 2916434                    /tmp/sqlite-3.7.2-libsqlitejdbc.so
7f64f4e67000-7f64f4e6a000 ---p 00000000 00:00 0 
7f64f4e6a000-7f64f4f68000 rw-p 00000000 00:00 0                          [stack:12892]
7f64f4f68000-7f64f4f6b000 ---p 00000000 00:00 0 
7f64f4f6b000-7f64f5069000 rw-p 00000000 00:00 0                          [stack:12880]
7f64f5069000-7f64f506c000 ---p 00000000 00:00 0 
7f64f506c000-7f64f516a000 rw-p 00000000 00:00 0                          [stack:12891]
7f64f516a000-7f64f516d000 ---p 00000000 00:00 0 
7f64f516d000-7f64f526b000 rw-p 00000000 00:00 0                          [stack:12873]
7f64f526b000-7f64f526e000 ---p 00000000 00:00 0 
7f64f526e000-7f64f536c000 rw-p 00000000 00:00 0 
7f64f536c000-7f64f5383000 r-xp 00000000 00:11 2579226                    /lib/x86_64-linux-gnu/libresolv-2.19.so
7f64f5383000-7f64f5583000 ---p 00017000 00:11 2579226                    /lib/x86_64-linux-gnu/libresolv-2.19.so
7f64f5583000-7f64f5584000 r--p 00017000 00:11 2579226                    /lib/x86_64-linux-gnu/libresolv-2.19.so
7f64f5584000-7f64f5585000 rw-p 00018000 00:11 2579226                    /lib/x86_64-linux-gnu/libresolv-2.19.so
7f64f5585000-7f64f5587000 rw-p 00000000 00:00 0 
7f64f5587000-7f64f558c000 r-xp 00000000 00:11 2579231                    /lib/x86_64-linux-gnu/libnss_dns-2.19.so
7f64f558c000-7f64f578b000 ---p 00005000 00:11 2579231                    /lib/x86_64-linux-gnu/libnss_dns-2.19.so
7f64f578b000-7f64f578c000 r--p 00004000 00:11 2579231                    /lib/x86_64-linux-gnu/libnss_dns-2.19.so
7f64f578c000-7f64f578d000 rw-p 00005000 00:11 2579231                    /lib/x86_64-linux-gnu/libnss_dns-2.19.so
7f64f578d000-7f64f578f000 r-xp 00000000 00:11 3392883                    /lib/x86_64-linux-gnu/libnss_mdns4_minimal.so.2
7f64f578f000-7f64f598e000 ---p 00002000 00:11 3392883                    /lib/x86_64-linux-gnu/libnss_mdns4_minimal.so.2
7f64f598e000-7f64f598f000 r--p 00001000 00:11 3392883                    /lib/x86_64-linux-gnu/libnss_mdns4_minimal.so.2
7f64f598f000-7f64f5990000 rw-p 00002000 00:11 3392883                    /lib/x86_64-linux-gnu/libnss_mdns4_minimal.so.2
7f64f5990000-7f64f5993000 ---p 00000000 00:00 0 
7f64f5993000-7f64f5a91000 rw-p 00000000 00:00 0                          [stack:12869]
7f64f5a91000-7f64f5a94000 ---p 00000000 00:00 0 
7f64f5a94000-7f64f5b92000 rw-p 00000000 00:00 0                          [stack:12868]
7f64f5b92000-7f64f5b98000 r-xp 00000000 00:11 92826                      /usr/lib/jvm/java-7-oracle/jre/lib/amd64/headless/libmawt.so
7f64f5b98000-7f64f5d98000 ---p 00006000 00:11 92826                      /usr/lib/jvm/java-7-oracle/jre/lib/amd64/headless/libmawt.so
7f64f5d98000-7f64f5d99000 rw-p 00006000 00:11 92826                      /usr/lib/jvm/java-7-oracle/jre/lib/amd64/headless/libmawt.so
7f64f5d99000-7f64f5e3b000 r-xp 00000000 00:11 92787                      /usr/lib/jvm/java-7-oracle/jre/lib/amd64/libawt.so
7f64f5e3b000-7f64f603b000 ---p 000a2000 00:11 92787                      /usr/lib/jvm/java-7-oracle/jre/lib/amd64/libawt.so
7f64f603b000-7f64f6047000 rw-p 000a2000 00:11 92787                      /usr/lib/jvm/java-7-oracle/jre/lib/amd64/libawt.so
7f64f6047000-7f64f606b000 rw-p 00000000 00:00 0 
7f64f606b000-7f64f606e000 ---p 00000000 00:00 0 
7f64f606e000-7f64f616c000 rw-p 00000000 00:00 0                          [stack:12863]
7f64f616c000-7f64f616f000 ---p 00000000 00:00 0 
7f64f616f000-7f64f626d000 rw-p 00000000 00:00 0                          [stack:12857]
7f64f626d000-7f64f6270000 ---p 00000000 00:00 0 
7f64f6270000-7f64f636e000 rw-p 00000000 00:00 0                          [stack:12855]
7f64f636e000-7f64f6371000 ---p 00000000 00:00 0 
7f64f6371000-7f64f646f000 rw-p 00000000 00:00 0                          [stack:12854]
7f64f646f000-7f64f6472000 ---p 00000000 00:00 0 
7f64f6472000-7f64f6570000 rw-p 00000000 00:00 0                          [stack:12853]
7f64f6570000-7f64f6573000 ---p 00000000 00:00 0 
7f64f6573000-7f64f6671000 rw-p 00000000 00:00 0                          [stack:12852]
7f64f6671000-7f64f6681000 r-xp 00000000 00:11 92823                      /usr/lib/jvm/java-7-oracle/jre/lib/amd64/libnio.so
7f64f6681000-7f64f6881000 ---p 00010000 00:11 92823                      /usr/lib/jvm/java-7-oracle/jre/lib/amd64/libnio.so
7f64f6881000-7f64f6882000 rw-p 00010000 00:11 92823                      /usr/lib/jvm/java-7-oracle/jre/lib/amd64/libnio.so
7f64f6882000-7f64f6898000 r-xp 00000000 00:11 92783                      /usr/lib/jvm/java-7-oracle/jre/lib/amd64/libnet.so
7f64f6898000-7f64f6a98000 ---p 00016000 00:11 92783                      /usr/lib/jvm/java-7-oracle/jre/lib/amd64/libnet.so
7f64f6a98000-7f64f6a99000 rw-p 00016000 00:11 92783                      /usr/lib/jvm/java-7-oracle/jre/lib/amd64/libnet.so
7f64f6a99000-7f64f6aa1000 r-xp 00000000 00:11 92836                      /usr/lib/jvm/java-7-oracle/jre/lib/amd64/libmanagement.so
7f64f6aa1000-7f64f6ca0000 ---p 00008000 00:11 92836                      /usr/lib/jvm/java-7-oracle/jre/lib/amd64/libmanagement.so
7f64f6ca0000-7f64f6ca1000 rw-p 00007000 00:11 92836                      /usr/lib/jvm/java-7-oracle/jre/lib/amd64/libmanagement.so
7f64f6ca1000-7f64f6db0000 r--s 011a0000 00:11 1256                       /home/pcgadmins/server/spigot.jar
7f64f6db0000-7f64f6db1000 ---p 00000000 00:00 0 
7f64f6db1000-7f64f6eb1000 rw-p 00000000 00:00 0                          [stack:12841]
7f64f6eb1000-7f64f6eb4000 ---p 00000000 00:00 0 
7f64f6eb4000-7f64f6fb2000 rw-p 00000000 00:00 0                          [stack:12840]
7f64f6fb2000-7f64f6fb5000 ---p 00000000 00:00 0 
7f64f6fb5000-7f64f70b3000 rw-p 00000000 00:00 0                          [stack:12839]
7f64f70b3000-7f64f70b6000 ---p 00000000 00:00 0 
7f64f70b6000-7f64f71b4000 rw-p 00000000 00:00 0                          [stack:12838]
7f64f71b4000-7f64f71b7000 ---p 00000000 00:00 0 
7f64f71b7000-7f64f72b5000 rw-p 00000000 00:00 0                          [stack:12837]
7f64f72b5000-7f64f75f6000 r--p 00000000 00:11 35310                      /usr/lib/locale/locale-archive
7f64f75f6000-7f64f75f9000 ---p 00000000 00:00 0 
7f64f75f9000-7f64f76f7000 rw-p 00000000 00:00 0                          [stack:12836]
7f64f76f7000-7f64f76fa000 ---p 00000000 00:00 0 
7f64f76fa000-7f64f77f8000 rw-p 00000000 00:00 0                          [stack:12834]
7f64f77f8000-7f64f77f9000 ---p 00000000 00:00 0 
7f64f77f9000-7f64f8000000 rw-p 00000000 00:00 0                          [stack:12832]
7f64f8000000-7f64f803a000 rw-p 00000000 00:00 0 
7f64f803a000-7f64fc000000 ---p 00000000 00:00 0 
7f64fc000000-7f64fc037000 rw-p 00000000 00:00 0 
7f64fc037000-7f6500000000 ---p 00000000 00:00 0 
7f6500000000-7f650004d000 rw-p 00000000 00:00 0 
7f650004d000-7f6504000000 ---p 00000000 00:00 0 
7f6504000000-7f6504045000 rw-p 00000000 00:00 0 
7f6504045000-7f6508000000 ---p 00000000 00:00 0 
7f6508000000-7f6508044000 rw-p 00000000 00:00 0 
7f6508044000-7f650c000000 ---p 00000000 00:00 0 
7f650c000000-7f650c040000 rw-p 00000000 00:00 0 
7f650c040000-7f6510000000 ---p 00000000 00:00 0 
7f6510000000-7f6510046000 rw-p 00000000 00:00 0 
7f6510046000-7f6514000000 ---p 00000000 00:00 0 
7f6514000000-7f6514050000 rw-p 00000000 00:00 0 
7f6514050000-7f6518000000 ---p 00000000 00:00 0 
7f6518012000-7f6518013000 rw-p 00000000 00:00 0 
7f6518013000-7f6518017000 r--s 0002d000 00:11 92292                      /usr/lib/jvm/java-7-oracle/jre/lib/ext/sunjce_provider.jar
7f6518017000-7f6518018000 r--s 00003000 00:11 92291                      /usr/lib/jvm/java-7-oracle/jre/lib/ext/sunec.jar
7f6518018000-7f651801c000 r--s 00037000 00:11 92288                      /usr/lib/jvm/java-7-oracle/jre/lib/ext/sunpkcs11.jar
7f651801c000-7f651801d000 r--s 0000b000 00:11 300                        /home/pcgadmins/server/plugins/SignShopHotel.jar
7f651801d000-7f6518022000 r--s 0002f000 00:11 284                        /home/pcgadmins/server/plugins/AntiCheat.jar
7f6518022000-7f6518028000 r--s 0003a000 00:11 285                        /home/pcgadmins/server/plugins/Autorank.jar
7f6518028000-7f651802b000 r--s 00040000 00:11 1289                       /home/pcgadmins/server/plugins/EnjinMinecraftPlugin.jar
7f651802b000-7f651802c000 r--s 00003000 00:11 290                        /home/pcgadmins/server/plugins/EssentialsAntiBuild.jar
7f651802c000-7f6518032000 r--s 000cb000 00:11 299                        /home/pcgadmins/server/plugins/SignShop.jar
7f6518032000-7f6518035000 r--s 00013000 00:11 303                        /home/pcgadmins/server/plugins/VanishNoPacket.jar
7f6518035000-7f6518037000 r--s 00003000 00:11 292                        /home/pcgadmins/server/plugins/EssentialsSpawn.jar
7f6518037000-7f6518038000 r--s 00004000 00:11 291                        /home/pcgadmins/server/plugins/EssentialsProtect.jar
7f6518038000-7f6518043000 r--s 000f2000 00:11 289                        /home/pcgadmins/server/plugins/Essentials.jar
7f6518043000-7f6518044000 r--s 00003000 00:11 302                        /home/pcgadmins/server/plugins/TrophyHeads.jar
7f6518044000-7f6518047000 r--s 0001e000 00:11 293                        /home/pcgadmins/server/plugins/HeroChat.jar
7f6518047000-7f651805f000 r--s 0012d000 00:11 298                        /home/pcgadmins/server/plugins/ProtocolLib.jar
7f651805f000-7f6518060000 r--s 00003000 00:11 295                        /home/pcgadmins/server/plugins/MuezliAnnouncer.jar
7f6518060000-7f6518062000 r--s 00002000 00:11 1299                       /home/pcgadmins/server/plugins/SignLogger.jar
7f6518062000-7f6518064000 r--s 00007000 00:11 1300                       /home/pcgadmins/server/plugins/RedstoneClockDetector.jar
7f6518064000-7f6518068000 r--s 00027000 00:11 1155                       /home/pcgadmins/server/plugins/BukkitWebby.jar
7f6518068000-7f651806a000 r--s 00001000 00:11 283                        /home/pcgadmins/server/plugins/AdminPrivateChat2.0.jar
7f651806a000-7f651806b000 r--s 00001000 00:11 1296                       /home/pcgadmins/server/plugins/LibelulaSimpleHorseProtect.jar
7f651806b000-7f651806d000 r--s 00010000 00:11 288                        /home/pcgadmins/server/plugins/Deadbolt.jar
7f651806d000-7f651806e000 r--s 00002000 00:11 227138                     /home/pcgadmins/server/plugins/PlugDJStatus.jar
7f651806e000-7f651806f000 r--s 00000000 00:11 296                        /home/pcgadmins/server/plugins/noHunger.jar
7f651806f000-7f6518083000 r--s 000d7000 00:11 308                        /home/pcgadmins/server/plugins/Worldguard.jar
7f6518083000-7f6518090000 r--s 000a4000 00:11 297                        /home/pcgadmins/server/plugins/PermissionsEx.jar
7f6518090000-7f6518099000 r--s 00047000 00:11 1734                       /home/pcgadmins/server/plugins/ban-hammer-3.0.0-SNAPSHOT-shaded.jar
7f6518099000-7f65180b8000 r--s 00160000 00:11 307                        /home/pcgadmins/server/plugins/Worldedit.jar
7f65180b8000-7f65180bb000 ---p 00000000 00:00 0 
7f65180bb000-7f6519000000 rw-p 00000000 00:00 0 
7f6519000000-7f6519ca0000 rwxp 00000000 00:00 0 
7f6519ca0000-7f651c7f9000 rw-p 00000000 00:00 0 
7f651c7f9000-7f6520000000 ---p 00000000 00:00 0 
7f6520000000-7f6520001000 r--s 00005000 00:11 294                        /home/pcgadmins/server/plugins/JoeIPTracker.jar
7f6520001000-7f6520002000 r--s 00001000 00:11 301                        /home/pcgadmins/server/plugins/ToDoList.jar
7f6520002000-7f6520004000 r--s 0000d000 00:11 1297                       /home/pcgadmins/server/plugins/MinecraftRKitPlugin.jar
7f6520004000-7f6520005000 r--s 00004000 00:11 1298                       /home/pcgadmins/server/plugins/vAliasFilter.jar
7f6520005000-7f6520008000 r--s 0002d000 00:11 1157                       /home/pcgadmins/server/plugins/LogBlock.jar
7f6520008000-7f6520009000 r--s 00001000 00:11 1154                       /home/pcgadmins/server/plugins/LogBlockQuestioner.jar
7f6520009000-7f652000e000 r--s 0004e000 00:11 304                        /home/pcgadmins/server/plugins/Vault.jar
7f652000e000-7f6520010000 r--s 0000c000 00:11 287                        /home/pcgadmins/server/plugins/Backup.jar
7f6520010000-7f652001d000 r--s 00109000 00:11 391                        /home/pcgadmins/server/plugins/WorldEdit/js.jar
7f652001d000-7f652001e000 r--s 0000e000 00:11 306                        /home/pcgadmins/server/plugins/WorldBorder.jar
7f652001e000-7f6520021000 r--s 00019000 00:11 92299                      /usr/lib/jvm/java-7-oracle/jre/lib/jce.jar
7f6520021000-7f652002c000 r--s 0037c000 00:11 92297                      /usr/lib/jvm/java-7-oracle/jre/lib/charsets.jar
7f652002c000-7f6520030000 r--s 000f7000 00:11 92287                      /usr/lib/jvm/java-7-oracle/jre/lib/ext/localedata.jar
7f6520030000-7f6520031000 r--p 00000000 00:11 1682887                    /usr/share/locale-langpack/en_GB/LC_MESSAGES/libc.mo
7f6520031000-7f652003b000 r--s 00251000 00:11 92895                      /usr/lib/jvm/java-7-oracle/jre/lib/resources.jar
7f652003b000-7f6520b91000 rw-p 00000000 00:00 0 
7f6520b91000-7f6520d51000 r--s 039ea000 00:11 92953                      /usr/lib/jvm/java-7-oracle/jre/lib/rt.jar
7f6520d51000-7f652169d000 rw-p 00000000 00:00 0 
7f652169d000-7f652169e000 ---p 00000000 00:00 0 
7f652169e000-7f652179e000 rw-p 00000000 00:00 0                          [stack:12831]
7f652179e000-7f652179f000 ---p 00000000 00:00 0 
7f652179f000-7f652189f000 rw-p 00000000 00:00 0                          [stack:12829]
7f652189f000-7f65218a0000 ---p 00000000 00:00 0 
7f65218a0000-7f65219a0000 rw-p 00000000 00:00 0                          [stack:12828]
7f65219a0000-7f65219a1000 ---p 00000000 00:00 0 
7f65219a1000-7f6521aa1000 rw-p 00000000 00:00 0                          [stack:12827]
7f6521aa1000-7f6521aa2000 ---p 00000000 00:00 0 
7f6521aa2000-7f6521ba2000 rw-p 00000000 00:00 0                          [stack:12826]
7f6521ba2000-7f6521ba3000 ---p 00000000 00:00 0 
7f6521ba3000-7f6521ca3000 rw-p 00000000 00:00 0                          [stack:12823]
7f6521ca3000-7f6521ca4000 ---p 00000000 00:00 0 
7f6521ca4000-7f6521da4000 rw-p 00000000 00:00 0                          [stack:12822]
7f6521da4000-7f6521da5000 ---p 00000000 00:00 0 
7f6521da5000-7f6521ea5000 rw-p 00000000 00:00 0                          [stack:12821]
7f6521ea5000-7f6521ea6000 ---p 00000000 00:00 0 
7f6521ea6000-7f6521fa6000 rw-p 00000000 00:00 0                          [stack:12820]
7f6521fa6000-7f6521fa7000 ---p 00000000 00:00 0 
7f6521fa7000-7f6522141000 rw-p 00000000 00:00 0                          [stack:12819]
7f6522141000-7f6522176000 ---p 00000000 00:00 0 
7f6522176000-7f65225fd000 rw-p 00000000 00:00 0 
7f65225fd000-7f652261a000 rw-p 00000000 00:00 0 
7f652261a000-7f6522626000 ---p 00000000 00:00 0 
7f6522626000-7f65226c0000 rw-p 00000000 00:00 0 
7f65226c0000-7f65226f5000 ---p 00000000 00:00 0 
7f65226f5000-7f6522b7b000 rw-p 00000000 00:00 0 
7f6522b7b000-7f6522bae000 rw-p 00000000 00:00 0 
7f6522bae000-7f6522e26000 ---p 00000000 00:00 0 
7f6522e26000-7f6522e27000 rw-p 00000000 00:00 0 
7f6522e27000-7f6522e41000 r-xp 00000000 00:11 92837                      /usr/lib/jvm/java-7-oracle/jre/lib/amd64/libzip.so
7f6522e41000-7f6523041000 ---p 0001a000 00:11 92837                      /usr/lib/jvm/java-7-oracle/jre/lib/amd64/libzip.so
7f6523041000-7f6523042000 rw-p 0001a000 00:11 92837                      /usr/lib/jvm/java-7-oracle/jre/lib/amd64/libzip.so
7f6523042000-7f652304d000 r-xp 00000000 00:11 2579236                    /lib/x86_64-linux-gnu/libnss_files-2.19.so
7f652304d000-7f652324c000 ---p 0000b000 00:11 2579236                    /lib/x86_64-linux-gnu/libnss_files-2.19.so
7f652324c000-7f652324d000 r--p 0000a000 00:11 2579236                    /lib/x86_64-linux-gnu/libnss_files-2.19.so
7f652324d000-7f652324e000 rw-p 0000b000 00:11 2579236                    /lib/x86_64-linux-gnu/libnss_files-2.19.so
7f652324e000-7f6523259000 r-xp 00000000 00:11 2579243                    /lib/x86_64-linux-gnu/libnss_nis-2.19.so
7f6523259000-7f6523458000 ---p 0000b000 00:11 2579243                    /lib/x86_64-linux-gnu/libnss_nis-2.19.so
7f6523458000-7f6523459000 r--p 0000a000 00:11 2579243                    /lib/x86_64-linux-gnu/libnss_nis-2.19.so
7f6523459000-7f652345a000 rw-p 0000b000 00:11 2579243                    /lib/x86_64-linux-gnu/libnss_nis-2.19.so
7f652345a000-7f6523471000 r-xp 00000000 00:11 2579229                    /lib/x86_64-linux-gnu/libnsl-2.19.so
7f6523471000-7f6523670000 ---p 00017000 00:11 2579229                    /lib/x86_64-linux-gnu/libnsl-2.19.so
7f6523670000-7f6523671000 r--p 00016000 00:11 2579229                    /lib/x86_64-linux-gnu/libnsl-2.19.so
7f6523671000-7f6523672000 rw-p 00017000 00:11 2579229                    /lib/x86_64-linux-gnu/libnsl-2.19.so
7f6523672000-7f6523674000 rw-p 00000000 00:00 0 
7f6523674000-7f652367d000 r-xp 00000000 00:11 2579240                    /lib/x86_64-linux-gnu/libnss_compat-2.19.so
7f652367d000-7f652387c000 ---p 00009000 00:11 2579240                    /lib/x86_64-linux-gnu/libnss_compat-2.19.so
7f652387c000-7f652387d000 r--p 00008000 00:11 2579240                    /lib/x86_64-linux-gnu/libnss_compat-2.19.so
7f652387d000-7f652387e000 rw-p 00009000 00:11 2579240                    /lib/x86_64-linux-gnu/libnss_compat-2.19.so
7f652387e000-7f65238a7000 r-xp 00000000 00:11 92820                      /usr/lib/jvm/java-7-oracle/jre/lib/amd64/libjava.so
7f65238a7000-7f6523aa7000 ---p 00029000 00:11 92820                      /usr/lib/jvm/java-7-oracle/jre/lib/amd64/libjava.so
7f6523aa7000-7f6523aa9000 rw-p 00029000 00:11 92820                      /usr/lib/jvm/java-7-oracle/jre/lib/amd64/libjava.so
7f6523aa9000-7f6523ab6000 r-xp 00000000 00:11 92782                      /usr/lib/jvm/java-7-oracle/jre/lib/amd64/libverify.so
7f6523ab6000-7f6523cb5000 ---p 0000d000 00:11 92782                      /usr/lib/jvm/java-7-oracle/jre/lib/amd64/libverify.so
7f6523cb5000-7f6523cb7000 rw-p 0000c000 00:11 92782                      /usr/lib/jvm/java-7-oracle/jre/lib/amd64/libverify.so
7f6523cb7000-7f6523cbe000 r-xp 00000000 00:11 2579246                    /lib/x86_64-linux-gnu/librt-2.19.so
7f6523cbe000-7f6523ebd000 ---p 00007000 00:11 2579246                    /lib/x86_64-linux-gnu/librt-2.19.so
7f6523ebd000-7f6523ebe000 r--p 00006000 00:11 2579246                    /lib/x86_64-linux-gnu/librt-2.19.so
7f6523ebe000-7f6523ebf000 rw-p 00007000 00:11 2579246                    /lib/x86_64-linux-gnu/librt-2.19.so
7f6523ebf000-7f6523fc4000 r-xp 00000000 00:11 2579228                    /lib/x86_64-linux-gnu/libm-2.19.so
7f6523fc4000-7f65241c3000 ---p 00105000 00:11 2579228                    /lib/x86_64-linux-gnu/libm-2.19.so
7f65241c3000-7f65241c4000 r--p 00104000 00:11 2579228                    /lib/x86_64-linux-gnu/libm-2.19.so
7f65241c4000-7f65241c5000 rw-p 00105000 00:11 2579228                    /lib/x86_64-linux-gnu/libm-2.19.so
7f65241c5000-7f6524d38000 r-xp 00000000 00:11 92796                      /usr/lib/jvm/java-7-oracle/jre/lib/amd64/server/libjvm.so
7f6524d38000-7f6524f37000 ---p 00b73000 00:11 92796                      /usr/lib/jvm/java-7-oracle/jre/lib/amd64/server/libjvm.so
7f6524f37000-7f6524ffb000 rw-p 00b72000 00:11 92796                      /usr/lib/jvm/java-7-oracle/jre/lib/amd64/server/libjvm.so
7f6524ffb000-7f652503c000 rw-p 00000000 00:00 0 
7f652503c000-7f65251f7000 r-xp 00000000 00:11 2579244                    /lib/x86_64-linux-gnu/libc-2.19.so
7f65251f7000-7f65253f7000 ---p 001bb000 00:11 2579244                    /lib/x86_64-linux-gnu/libc-2.19.so
7f65253f7000-7f65253fb000 r--p 001bb000 00:11 2579244                    /lib/x86_64-linux-gnu/libc-2.19.so
7f65253fb000-7f65253fd000 rw-p 001bf000 00:11 2579244                    /lib/x86_64-linux-gnu/libc-2.19.so
7f65253fd000-7f6525402000 rw-p 00000000 00:00 0 
7f6525402000-7f6525405000 r-xp 00000000 00:11 2579238                    /lib/x86_64-linux-gnu/libdl-2.19.so
7f6525405000-7f6525604000 ---p 00003000 00:11 2579238                    /lib/x86_64-linux-gnu/libdl-2.19.so
7f6525604000-7f6525605000 r--p 00002000 00:11 2579238                    /lib/x86_64-linux-gnu/libdl-2.19.so
7f6525605000-7f6525606000 rw-p 00003000 00:11 2579238                    /lib/x86_64-linux-gnu/libdl-2.19.so
7f6525606000-7f652561c000 r-xp 00000000 00:11 92811                      /usr/lib/jvm/java-7-oracle/jre/lib/amd64/jli/libjli.so
7f652561c000-7f652581c000 ---p 00016000 00:11 92811                      /usr/lib/jvm/java-7-oracle/jre/lib/amd64/jli/libjli.so
7f652581c000-7f652581d000 rw-p 00016000 00:11 92811                      /usr/lib/jvm/java-7-oracle/jre/lib/amd64/jli/libjli.so
7f652581d000-7f6525836000 r-xp 00000000 00:11 2579233                    /lib/x86_64-linux-gnu/libpthread-2.19.so
7f6525836000-7f6525a35000 ---p 00019000 00:11 2579233                    /lib/x86_64-linux-gnu/libpthread-2.19.so
7f6525a35000-7f6525a36000 r--p 00018000 00:11 2579233                    /lib/x86_64-linux-gnu/libpthread-2.19.so
7f6525a36000-7f6525a37000 rw-p 00019000 00:11 2579233                    /lib/x86_64-linux-gnu/libpthread-2.19.so
7f6525a37000-7f6525a3b000 rw-p 00000000 00:00 0 
7f6525a3b000-7f6525a5e000 r-xp 00000000 00:11 2579241                    /lib/x86_64-linux-gnu/ld-2.19.so
7f6525a5e000-7f6525a7b000 rw-p 00000000 00:00 0 
7f6525a7b000-7f6525a87000 ---p 00000000 00:00 0 
7f6525a87000-7f6525aba000 rw-p 00000000 00:00 0 
7f6525aba000-7f6525b47000 rw-p 00000000 00:00 0 
7f6525b47000-7f6525b4a000 ---p 00000000 00:00 0 
7f6525b4a000-7f6525c4c000 rw-p 00000000 00:00 0                          [stack:12815]
7f6525c4c000-7f6525c51000 r--s 0008a000 00:11 92966                      /usr/lib/jvm/java-7-oracle/jre/lib/jsse.jar
7f6525c51000-7f6525c59000 rw-s 00000000 00:11 3720047                    /tmp/hsperfdata_pcgadmins/12810
7f6525c59000-7f6525c5a000 rw-p 00000000 00:00 0 
7f6525c5a000-7f6525c5b000 r--p 00000000 00:00 0 
7f6525c5b000-7f6525c5d000 rw-p 00000000 00:00 0 
7f6525c5d000-7f6525c5e000 r--p 00022000 00:11 2579241                    /lib/x86_64-linux-gnu/ld-2.19.so
7f6525c5e000-7f6525c5f000 rw-p 00023000 00:11 2579241                    /lib/x86_64-linux-gnu/ld-2.19.so
7f6525c5f000-7f6525c60000 rw-p 00000000 00:00 0 
7fffc7444000-7fffc7465000 rw-p 00000000 00:00 0                          [stack]
7fffc75fe000-7fffc7600000 r-xp 00000000 00:00 0                          [vdso]
ffffffffff600000-ffffffffff601000 r-xp 00000000 00:00 0                  [vsyscall]

VM Arguments:
jvm_args: -Xms300M -Xmx4096M -Djline.terminal=jline.UnsupportedTerminal -XX:MaxPermSize=256M 
java_command: /home/pcgadmins/server/spigot.jar --nojline nogui
Launcher Type: SUN_STANDARD

Environment Variables:
PATH=/opt/android-sdk-linux/tools:/opt/android-sdk-linux/platform-tools:/usr/local/sbin:/usr/local/bin:/usr/sbin:/usr/bin:/sbin:/bin:/usr/games
SHELL=/bin/bash

Signal Handlers:
SIGSEGV: [libjvm.so+0x9a1a10], sa_mask[0]=0x7ffbfeff, sa_flags=0x10000004
SIGBUS: [libjvm.so+0x9a1a10], sa_mask[0]=0x7ffbfeff, sa_flags=0x10000004
SIGFPE: [libjvm.so+0x81bae0], sa_mask[0]=0x7ffbfeff, sa_flags=0x10000004
SIGPIPE: [libjvm.so+0x81bae0], sa_mask[0]=0x7ffbfeff, sa_flags=0x10000004
SIGXFSZ: [libjvm.so+0x81bae0], sa_mask[0]=0x7ffbfeff, sa_flags=0x10000004
SIGILL: [libjvm.so+0x81bae0], sa_mask[0]=0x7ffbfeff, sa_flags=0x10000004
SIGUSR1: SIG_DFL, sa_mask[0]=0x00000000, sa_flags=0x00000000
SIGUSR2: [libjvm.so+0x81d2e0], sa_mask[0]=0x00000004, sa_flags=0x10000004
SIGHUP: [libjvm.so+0x81e400], sa_mask[0]=0x7ffbfeff, sa_flags=0x10000004
SIGINT: [libjvm.so+0x81e400], sa_mask[0]=0x7ffbfeff, sa_flags=0x10000004
SIGTERM: [libjvm.so+0x81e400], sa_mask[0]=0x7ffbfeff, sa_flags=0x10000004
SIGQUIT: [libjvm.so+0x81e400], sa_mask[0]=0x7ffbfeff, sa_flags=0x10000004


---------------  S Y S T E M  ---------------

OS:jessie/sid

uname:Linux 3.13.0-40-generic #69-Ubuntu SMP Thu Nov 13 17:53:56 UTC 2014 x86_64
libc:glibc 2.19 NPTL 2.19 
rlimit: STACK 8192k, CORE 0k, NPROC 505200, NOFILE 4096, AS infinity
load average:0.70 0.90 0.82

/proc/meminfo:
MemTotal:       59609432 kB
MemFree:        16363340 kB
Buffers:              40 kB
Cached:         33629700 kB
SwapCached:       968676 kB
Active:         26137792 kB
Inactive:       15409600 kB
Active(anon):    6123792 kB
Inactive(anon):  1844720 kB
Active(file):   20014000 kB
Inactive(file): 13564880 kB
Unevictable:       74760 kB
Mlocked:           74760 kB
SwapTotal:       8488952 kB
SwapFree:        6528628 kB
Dirty:             11980 kB
Writeback:             0 kB
AnonPages:       7058160 kB
Mapped:           176792 kB
Shmem:             44080 kB
Slab:            1097288 kB
SReclaimable:     961220 kB
SUnreclaim:       136068 kB
KernelStack:       44408 kB
PageTables:        63112 kB
NFS_Unstable:          0 kB
Bounce:                0 kB
WritebackTmp:          0 kB
CommitLimit:    38293668 kB
Committed_AS:   20620496 kB
VmallocTotal:   34359738367 kB
VmallocUsed:      381744 kB
VmallocChunk:   34359303416 kB
HardwareCorrupted:     0 kB
AnonHugePages:         0 kB
HugePages_Total:       0
HugePages_Free:        0
HugePages_Rsvd:        0
HugePages_Surp:        0
Hugepagesize:       2048 kB
DirectMap4k:    67074828 kB
DirectMap2M:           0 kB


CPU:total 12 (6 cores per cpu, 2 threads per core) family 6 model 45 stepping 7, cmov, cx8, fxsr, mmx, sse, sse2, sse3, ssse3, sse4.1, sse4.2, popcnt, avx, aes, ht, tsc, tscinvbit, tscinv

/proc/cpuinfo:
processor	: 0
vendor_id	: GenuineIntel
cpu family	: 6
model		: 45
model name	: Intel(R) Xeon(R) CPU E5-1650 0 @ 3.20GHz
stepping	: 7
microcode	: 0x710
cpu MHz		: 3200.142
cache size	: 12288 KB
physical id	: 0
siblings	: 12
core id		: 0
cpu cores	: 6
apicid		: 0
initial apicid	: 0
fpu		: yes
fpu_exception	: yes
cpuid level	: 13
wp		: yes
flags		: fpu de tsc msr pae mce cx8 apic sep mca cmov pat clflush acpi mmx fxsr sse sse2 ss ht syscall nx lm constant_tsc rep_good nopl nonstop_tsc eagerfpu pni pclmulqdq monitor est ssse3 cx16 sse4_1 sse4_2 popcnt tsc_deadline_timer aes xsave avx hypervisor lahf_lm ida arat epb xsaveopt pln pts dtherm
bogomips	: 6400.28
clflush size	: 64
cache_alignment	: 64
address sizes	: 46 bits physical, 48 bits virtual
power management:

processor	: 1
vendor_id	: GenuineIntel
cpu family	: 6
model		: 45
model name	: Intel(R) Xeon(R) CPU E5-1650 0 @ 3.20GHz
stepping	: 7
microcode	: 0x710
cpu MHz		: 3200.142
cache size	: 12288 KB
physical id	: 0
siblings	: 12
core id		: 0
cpu cores	: 6
apicid		: 1
initial apicid	: 1
fpu		: yes
fpu_exception	: yes
cpuid level	: 13
wp		: yes
flags		: fpu de tsc msr pae mce cx8 apic sep mca cmov pat clflush acpi mmx fxsr sse sse2 ss ht syscall nx lm constant_tsc rep_good nopl nonstop_tsc eagerfpu pni pclmulqdq monitor est ssse3 cx16 sse4_1 sse4_2 popcnt tsc_deadline_timer aes xsave avx hypervisor lahf_lm ida arat epb xsaveopt pln pts dtherm
bogomips	: 6400.28
clflush size	: 64
cache_alignment	: 64
address sizes	: 46 bits physical, 48 bits virtual
power management:

processor	: 2
vendor_id	: GenuineIntel
cpu family	: 6
model		: 45
model name	: Intel(R) Xeon(R) CPU E5-1650 0 @ 3.20GHz
stepping	: 7
microcode	: 0x710
cpu MHz		: 3200.142
cache size	: 12288 KB
physical id	: 0
siblings	: 12
core id		: 1
cpu cores	: 6
apicid		: 2
initial apicid	: 2
fpu		: yes
fpu_exception	: yes
cpuid level	: 13
wp		: yes
flags		: fpu de tsc msr pae mce cx8 apic sep mca cmov pat clflush acpi mmx fxsr sse sse2 ss ht syscall nx lm constant_tsc rep_good nopl nonstop_tsc eagerfpu pni pclmulqdq monitor est ssse3 cx16 sse4_1 sse4_2 popcnt tsc_deadline_timer aes xsave avx hypervisor lahf_lm ida arat epb xsaveopt pln pts dtherm
bogomips	: 6400.28
clflush size	: 64
cache_alignment	: 64
address sizes	: 46 bits physical, 48 bits virtual
power management:

processor	: 3
vendor_id	: GenuineIntel
cpu family	: 6
model		: 45
model name	: Intel(R) Xeon(R) CPU E5-1650 0 @ 3.20GHz
stepping	: 7
microcode	: 0x710
cpu MHz		: 3200.142
cache size	: 12288 KB
physical id	: 0
siblings	: 12
core id		: 1
cpu cores	: 6
apicid		: 3
initial apicid	: 3
fpu		: yes
fpu_exception	: yes
cpuid level	: 13
wp		: yes
flags		: fpu de tsc msr pae mce cx8 apic sep mca cmov pat clflush acpi mmx fxsr sse sse2 ss ht syscall nx lm constant_tsc rep_good nopl nonstop_tsc eagerfpu pni pclmulqdq monitor est ssse3 cx16 sse4_1 sse4_2 popcnt tsc_deadline_timer aes xsave avx hypervisor lahf_lm ida arat epb xsaveopt pln pts dtherm
bogomips	: 6400.28
clflush size	: 64
cache_alignment	: 64
address sizes	: 46 bits physical, 48 bits virtual
power management:

processor	: 4
vendor_id	: GenuineIntel
cpu family	: 6
model		: 45
model name	: Intel(R) Xeon(R) CPU E5-1650 0 @ 3.20GHz
stepping	: 7
microcode	: 0x710
cpu MHz		: 3200.142
cache size	: 12288 KB
physical id	: 0
siblings	: 12
core id		: 2
cpu cores	: 6
apicid		: 4
initial apicid	: 4
fpu		: yes
fpu_exception	: yes
cpuid level	: 13
wp		: yes
flags		: fpu de tsc msr pae mce cx8 apic sep mca cmov pat clflush acpi mmx fxsr sse sse2 ss ht syscall nx lm constant_tsc rep_good nopl nonstop_tsc eagerfpu pni pclmulqdq monitor est ssse3 cx16 sse4_1 sse4_2 popcnt tsc_deadline_timer aes xsave avx hypervisor lahf_lm ida arat epb xsaveopt pln pts dtherm
bogomips	: 6400.28
clflush size	: 64
cache_alignment	: 64
address sizes	: 46 bits physical, 48 bits virtual
power management:

processor	: 5
vendor_id	: GenuineIntel
cpu family	: 6
model		: 45
model name	: Intel(R) Xeon(R) CPU E5-1650 0 @ 3.20GHz
stepping	: 7
microcode	: 0x710
cpu MHz		: 3200.142
cache size	: 12288 KB
physical id	: 0
siblings	: 12
core id		: 2
cpu cores	: 6
apicid		: 5
initial apicid	: 5
fpu		: yes
fpu_exception	: yes
cpuid level	: 13
wp		: yes
flags		: fpu de tsc msr pae mce cx8 apic sep mca cmov pat clflush acpi mmx fxsr sse sse2 ss ht syscall nx lm constant_tsc rep_good nopl nonstop_tsc eagerfpu pni pclmulqdq monitor est ssse3 cx16 sse4_1 sse4_2 popcnt tsc_deadline_timer aes xsave avx hypervisor lahf_lm ida arat epb xsaveopt pln pts dtherm
bogomips	: 6400.28
clflush size	: 64
cache_alignment	: 64
address sizes	: 46 bits physical, 48 bits virtual
power management:

processor	: 6
vendor_id	: GenuineIntel
cpu family	: 6
model		: 45
model name	: Intel(R) Xeon(R) CPU E5-1650 0 @ 3.20GHz
stepping	: 7
microcode	: 0x710
cpu MHz		: 3200.142
cache size	: 12288 KB
physical id	: 0
siblings	: 12
core id		: 3
cpu cores	: 6
apicid		: 6
initial apicid	: 6
fpu		: yes
fpu_exception	: yes
cpuid level	: 13
wp		: yes
flags		: fpu de tsc msr pae mce cx8 apic sep mca cmov pat clflush acpi mmx fxsr sse sse2 ss ht syscall nx lm constant_tsc rep_good nopl nonstop_tsc eagerfpu pni pclmulqdq monitor est ssse3 cx16 sse4_1 sse4_2 popcnt tsc_deadline_timer aes xsave avx hypervisor lahf_lm ida arat epb xsaveopt pln pts dtherm
bogomips	: 6400.28
clflush size	: 64
cache_alignment	: 64
address sizes	: 46 bits physical, 48 bits virtual
power management:

processor	: 7
vendor_id	: GenuineIntel
cpu family	: 6
model		: 45
model name	: Intel(R) Xeon(R) CPU E5-1650 0 @ 3.20GHz
stepping	: 7
microcode	: 0x710
cpu MHz		: 3200.142
cache size	: 12288 KB
physical id	: 0
siblings	: 12
core id		: 3
cpu cores	: 6
apicid		: 7
initial apicid	: 7
fpu		: yes
fpu_exception	: yes
cpuid level	: 13
wp		: yes
flags		: fpu de tsc msr pae mce cx8 apic sep mca cmov pat clflush acpi mmx fxsr sse sse2 ss ht syscall nx lm constant_tsc rep_good nopl nonstop_tsc eagerfpu pni pclmulqdq monitor est ssse3 cx16 sse4_1 sse4_2 popcnt tsc_deadline_timer aes xsave avx hypervisor lahf_lm ida arat epb xsaveopt pln pts dtherm
bogomips	: 6400.28
clflush size	: 64
cache_alignment	: 64
address sizes	: 46 bits physical, 48 bits virtual
power management:

processor	: 8
vendor_id	: GenuineIntel
cpu family	: 6
model		: 45
model name	: Intel(R) Xeon(R) CPU E5-1650 0 @ 3.20GHz
stepping	: 7
microcode	: 0x710
cpu MHz		: 3200.142
cache size	: 12288 KB
physical id	: 0
siblings	: 12
core id		: 4
cpu cores	: 6
apicid		: 8
initial apicid	: 8
fpu		: yes
fpu_exception	: yes
cpuid level	: 13
wp		: yes
flags		: fpu de tsc msr pae mce cx8 apic sep mca cmov pat clflush acpi mmx fxsr sse sse2 ss ht syscall nx lm constant_tsc rep_good nopl nonstop_tsc eagerfpu pni pclmulqdq monitor est ssse3 cx16 sse4_1 sse4_2 popcnt tsc_deadline_timer aes xsave avx hypervisor lahf_lm ida arat epb xsaveopt pln pts dtherm
bogomips	: 6400.28
clflush size	: 64
cache_alignment	: 64
address sizes	: 46 bits physical, 48 bits virtual
power management:

processor	: 9
vendor_id	: GenuineIntel
cpu family	: 6
model		: 45
model name	: Intel(R) Xeon(R) CPU E5-1650 0 @ 3.20GHz
stepping	: 7
microcode	: 0x710
cpu MHz		: 3200.142
cache size	: 12288 KB
physical id	: 0
siblings	: 12
core id		: 4
cpu cores	: 6
apicid		: 9
initial apicid	: 9
fpu		: yes
fpu_exception	: yes
cpuid level	: 13
wp		: yes
flags		: fpu de tsc msr pae mce cx8 apic sep mca cmov pat clflush acpi mmx fxsr sse sse2 ss ht syscall nx lm constant_tsc rep_good nopl nonstop_tsc eagerfpu pni pclmulqdq monitor est ssse3 cx16 sse4_1 sse4_2 popcnt tsc_deadline_timer aes xsave avx hypervisor lahf_lm ida arat epb xsaveopt pln pts dtherm
bogomips	: 6400.28
clflush size	: 64
cache_alignment	: 64
address sizes	: 46 bits physical, 48 bits virtual
power management:

processor	: 10
vendor_id	: GenuineIntel
cpu family	: 6
model		: 45
model name	: Intel(R) Xeon(R) CPU E5-1650 0 @ 3.20GHz
stepping	: 7
microcode	: 0x710
cpu MHz		: 3200.142
cache size	: 12288 KB
physical id	: 0
siblings	: 12
core id		: 5
cpu cores	: 6
apicid		: 10
initial apicid	: 10
fpu		: yes
fpu_exception	: yes
cpuid level	: 13
wp		: yes
flags		: fpu de tsc msr pae mce cx8 apic sep mca cmov pat clflush acpi mmx fxsr sse sse2 ss ht syscall nx lm constant_tsc rep_good nopl nonstop_tsc eagerfpu pni pclmulqdq monitor est ssse3 cx16 sse4_1 sse4_2 popcnt tsc_deadline_timer aes xsave avx hypervisor lahf_lm ida arat epb xsaveopt pln pts dtherm
bogomips	: 6400.28
clflush size	: 64
cache_alignment	: 64
address sizes	: 46 bits physical, 48 bits virtual
power management:

processor	: 11
vendor_id	: GenuineIntel
cpu family	: 6
model		: 45
model name	: Intel(R) Xeon(R) CPU E5-1650 0 @ 3.20GHz
stepping	: 7
microcode	: 0x710
cpu MHz		: 3200.142
cache size	: 12288 KB
physical id	: 0
siblings	: 12
core id		: 5
cpu cores	: 6
apicid		: 11
initial apicid	: 11
fpu		: yes
fpu_exception	: yes
cpuid level	: 13
wp		: yes
flags		: fpu de tsc msr pae mce cx8 apic sep mca cmov pat clflush acpi mmx fxsr sse sse2 ss ht syscall nx lm constant_tsc rep_good nopl nonstop_tsc eagerfpu pni pclmulqdq monitor est ssse3 cx16 sse4_1 sse4_2 popcnt tsc_deadline_timer aes xsave avx hypervisor lahf_lm ida arat epb xsaveopt pln pts dtherm
bogomips	: 6400.28
clflush size	: 64
cache_alignment	: 64
address sizes	: 46 bits physical, 48 bits virtual
power management:



Memory: 4k page, physical 59609432k(16363340k free), swap 8488952k(6528628k free)

vm_info: Java HotSpot(TM) 64-Bit Server VM (24.72-b04) for linux-amd64 JRE (1.7.0_72-b14), built on Sep 26 2014 18:20:41 by "java_re" with gcc 4.3.0 20080428 (Red Hat 4.3.0-8)

time: Tue Jan  6 09:00:46 2015
elapsed time: 16514 seconds

